# JRE version: OpenJDK Runtime Environment Temurin-21.0.10+7 (21.0.10+7) (build 21.0.10+7-LTS)
# Java VM: OpenJDK 64-Bit Server VM Temurin-21.0.10+7 (21.0.10+7-LTS, mixed mode, sharing, tiered, compressed oops, compressed class ptrs, parallel gc, windows-amd64)
GC Precious Log:
 CardTable entry size: 512
 CPUs: 24 total, 24 available
 Memory: 23673M
 Large Page Support: Disabled
 NUMA Support: Disabled
 Compressed Oops: Enabled (32-bit)
 Alignments: Space 512K, Generation 512K, Heap 2M
 Heap Min Capacity: 100M
 Heap Initial Capacity: 100M
 Heap Max Capacity: 2G
 Pre-touch: Disabled
 Parallel Workers: 18
Heap:
 PSYoungGen      total 13312K, used 10719K [0x00000000d5580000, 0x00000000d6480000, 0x0000000100000000)
  eden space 12288K, 79% used [0x00000000d5580000,0x00000000d5efbb90,0x00000000d6180000)
  from space 1024K, 98% used [0x00000000d6180000,0x00000000d627c310,0x00000000d6280000)
  to   space 1536K, 0% used [0x00000000d6300000,0x00000000d6300000,0x00000000d6480000)
 ParOldGen       total 68608K, used 51539K [0x0000000080000000, 0x0000000084300000, 0x00000000d5580000)
  object space 68608K, 75% used [0x0000000080000000,0x0000000083254fb0,0x0000000084300000)
 Metaspace       used 65729K, committed 67072K, reserved 1114112K
  class space    used 8234K, committed 8832K, reserved 1048576K
GC Heap History (20 events):
Event: 43.475 GC heap before
{Heap before GC invocations=53 (full 3):
 PSYoungGen      total 13312K, used 13295K [0x00000000d5580000, 0x00000000d6480000, 0x0000000100000000)
  eden space 12288K, 99% used [0x00000000d5580000,0x00000000d617f978,0x00000000d6180000)
  from space 1024K, 98% used [0x00000000d6180000,0x00000000d627c2e0,0x00000000d6280000)
  to   space 1536K, 0% used [0x00000000d6300000,0x00000000d6300000,0x00000000d6480000)
 ParOldGen       total 68608K, used 48111K [0x0000000080000000, 0x0000000084300000, 0x00000000d5580000)
  object space 68608K, 70% used [0x0000000080000000,0x0000000082efbef8,0x0000000084300000)
 Metaspace       used 61531K, committed 62912K, reserved 1114112K
  class space    used 7357K, committed 7936K, reserved 1048576K
}
Event: 43.477 GC heap after
{Heap after GC invocations=53 (full 3):
 PSYoungGen      total 13824K, used 951K [0x00000000d5580000, 0x00000000d6480000, 0x0000000100000000)
  eden space 12288K, 0% used [0x00000000d5580000,0x00000000d5580000,0x00000000d6180000)
  from space 1536K, 61% used [0x00000000d6300000,0x00000000d63edd30,0x00000000d6480000)
  to   space 1536K, 0% used [0x00000000d6180000,0x00000000d6180000,0x00000000d6300000)
 ParOldGen       total 68608K, used 49004K [0x0000000080000000, 0x0000000084300000, 0x00000000d5580000)
  object space 68608K, 71% used [0x0000000080000000,0x0000000082fdb008,0x0000000084300000)
 Metaspace       used 61531K, committed 62912K, reserved 1114112K
  class space    used 7357K, committed 7936K, reserved 1048576K
}
Event: 43.610 GC heap before
{Heap before GC invocations=54 (full 3):
 PSYoungGen      total 13824K, used 13239K [0x00000000d5580000, 0x00000000d6480000, 0x0000000100000000)
  eden space 12288K, 100% used [0x00000000d5580000,0x00000000d6180000,0x00000000d6180000)
  from space 1536K, 61% used [0x00000000d6300000,0x00000000d63edd30,0x00000000d6480000)
  to   space 1536K, 0% used [0x00000000d6180000,0x00000000d6180000,0x00000000d6300000)
 ParOldGen       total 68608K, used 49004K [0x0000000080000000, 0x0000000084300000, 0x00000000d5580000)
  object space 68608K, 71% used [0x0000000080000000,0x0000000082fdb008,0x0000000084300000)
 Metaspace       used 62427K, committed 63808K, reserved 1114112K
  class space    used 7538K, committed 8128K, reserved 1048576K
}
Event: 43.612 GC heap after
{Heap after GC invocations=54 (full 3):
 PSYoungGen      total 12800K, used 288K [0x00000000d5580000, 0x00000000d6380000, 0x0000000100000000)
  eden space 12288K, 0% used [0x00000000d5580000,0x00000000d5580000,0x00000000d6180000)
  from space 512K, 56% used [0x00000000d6180000,0x00000000d61c8000,0x00000000d6200000)
  to   space 1024K, 0% used [0x00000000d6280000,0x00000000d6280000,0x00000000d6380000)
 ParOldGen       total 68608K, used 49603K [0x0000000080000000, 0x0000000084300000, 0x00000000d5580000)
  object space 68608K, 72% used [0x0000000080000000,0x0000000083070cd0,0x0000000084300000)
 Metaspace       used 62427K, committed 63808K, reserved 1114112K
  class space    used 7538K, committed 8128K, reserved 1048576K
}
Event: 43.769 GC heap before
{Heap before GC invocations=55 (full 3):
 PSYoungGen      total 12800K, used 12576K [0x00000000d5580000, 0x00000000d6380000, 0x0000000100000000)
  eden space 12288K, 100% used [0x00000000d5580000,0x00000000d6180000,0x00000000d6180000)
  from space 512K, 56% used [0x00000000d6180000,0x00000000d61c8000,0x00000000d6200000)
  to   space 1024K, 0% used [0x00000000d6280000,0x00000000d6280000,0x00000000d6380000)
 ParOldGen       total 68608K, used 49603K [0x0000000080000000, 0x0000000084300000, 0x00000000d5580000)
  object space 68608K, 72% used [0x0000000080000000,0x0000000083070cd0,0x0000000084300000)
 Metaspace       used 63236K, committed 64640K, reserved 1114112K
  class space    used 7721K, committed 8320K, reserved 1048576K
}
Event: 43.771 GC heap after
{Heap after GC invocations=55 (full 3):
 PSYoungGen      total 13312K, used 576K [0x00000000d5580000, 0x00000000d6380000, 0x0000000100000000)
  eden space 12288K, 0% used [0x00000000d5580000,0x00000000d5580000,0x00000000d6180000)
  from space 1024K, 56% used [0x00000000d6280000,0x00000000d6310000,0x00000000d6380000)
  to   space 1024K, 0% used [0x00000000d6180000,0x00000000d6180000,0x00000000d6280000)
 ParOldGen       total 68608K, used 49739K [0x0000000080000000, 0x0000000084300000, 0x00000000d5580000)
  object space 68608K, 72% used [0x0000000080000000,0x0000000083092cd0,0x0000000084300000)
 Metaspace       used 63236K, committed 64640K, reserved 1114112K
  class space    used 7721K, committed 8320K, reserved 1048576K
}
Event: 43.922 GC heap before
{Heap before GC invocations=56 (full 3):
 PSYoungGen      total 13312K, used 12864K [0x00000000d5580000, 0x00000000d6380000, 0x0000000100000000)
  eden space 12288K, 100% used [0x00000000d5580000,0x00000000d6180000,0x00000000d6180000)
  from space 1024K, 56% used [0x00000000d6280000,0x00000000d6310000,0x00000000d6380000)
  to   space 1024K, 0% used [0x00000000d6180000,0x00000000d6180000,0x00000000d6280000)
 ParOldGen       total 68608K, used 49739K [0x0000000080000000, 0x0000000084300000, 0x00000000d5580000)
  object space 68608K, 72% used [0x0000000080000000,0x0000000083092cd0,0x0000000084300000)
 Metaspace       used 63819K, committed 65152K, reserved 1114112K
  class space    used 7865K, committed 8448K, reserved 1048576K
}
Event: 43.923 GC heap after
{Heap after GC invocations=56 (full 3):
 PSYoungGen      total 13312K, used 677K [0x00000000d5580000, 0x00000000d6380000, 0x0000000100000000)
  eden space 12288K, 0% used [0x00000000d5580000,0x00000000d5580000,0x00000000d6180000)
  from space 1024K, 66% used [0x00000000d6180000,0x00000000d6229528,0x00000000d6280000)
  to   space 1024K, 0% used [0x00000000d6280000,0x00000000d6280000,0x00000000d6380000)
 ParOldGen       total 68608K, used 49938K [0x0000000080000000, 0x0000000084300000, 0x00000000d5580000)
  object space 68608K, 72% used [0x0000000080000000,0x00000000830c49d0,0x0000000084300000)
 Metaspace       used 63819K, committed 65152K, reserved 1114112K
  class space    used 7865K, committed 8448K, reserved 1048576K
}
Event: 44.055 GC heap before
{Heap before GC invocations=57 (full 3):
 PSYoungGen      total 13312K, used 12965K [0x00000000d5580000, 0x00000000d6380000, 0x0000000100000000)
  eden space 12288K, 100% used [0x00000000d5580000,0x00000000d6180000,0x00000000d6180000)
  from space 1024K, 66% used [0x00000000d6180000,0x00000000d6229528,0x00000000d6280000)
  to   space 1024K, 0% used [0x00000000d6280000,0x00000000d6280000,0x00000000d6380000)
 ParOldGen       total 68608K, used 49938K [0x0000000080000000, 0x0000000084300000, 0x00000000d5580000)
  object space 68608K, 72% used [0x0000000080000000,0x00000000830c49d0,0x0000000084300000)
 Metaspace       used 64413K, committed 65728K, reserved 1114112K
  class space    used 7993K, committed 8576K, reserved 1048576K
}
Event: 44.056 GC heap after
{Heap after GC invocations=57 (full 3):
 PSYoungGen      total 13312K, used 755K [0x00000000d5580000, 0x00000000d6380000, 0x0000000100000000)
  eden space 12288K, 0% used [0x00000000d5580000,0x00000000d5580000,0x00000000d6180000)
  from space 1024K, 73% used [0x00000000d6280000,0x00000000d633ce90,0x00000000d6380000)
  to   space 1024K, 0% used [0x00000000d6180000,0x00000000d6180000,0x00000000d6280000)
 ParOldGen       total 68608K, used 50362K [0x0000000080000000, 0x0000000084300000, 0x00000000d5580000)
  object space 68608K, 73% used [0x0000000080000000,0x000000008312eb18,0x0000000084300000)
 Metaspace       used 64413K, committed 65728K, reserved 1114112K
  class space    used 7993K, committed 8576K, reserved 1048576K
}
Event: 44.202 GC heap before
{Heap before GC invocations=58 (full 3):
 PSYoungGen      total 13312K, used 13043K [0x00000000d5580000, 0x00000000d6380000, 0x0000000100000000)
  eden space 12288K, 100% used [0x00000000d5580000,0x00000000d6180000,0x00000000d6180000)
  from space 1024K, 73% used [0x00000000d6280000,0x00000000d633ce90,0x00000000d6380000)
  to   space 1024K, 0% used [0x00000000d6180000,0x00000000d6180000,0x00000000d6280000)
 ParOldGen       total 68608K, used 50362K [0x0000000080000000, 0x0000000084300000, 0x00000000d5580000)
  object space 68608K, 73% used [0x0000000080000000,0x000000008312eb18,0x0000000084300000)
 Metaspace       used 65245K, committed 66560K, reserved 1114112K
  class space    used 8142K, committed 8704K, reserved 1048576K
}
Event: 44.203 GC heap after
{Heap after GC invocations=58 (full 3):
 PSYoungGen      total 13312K, used 576K [0x00000000d5580000, 0x00000000d6380000, 0x0000000100000000)
  eden space 12288K, 0% used [0x00000000d5580000,0x00000000d5580000,0x00000000d6180000)
  from space 1024K, 56% used [0x00000000d6180000,0x00000000d6210000,0x00000000d6280000)
  to   space 1024K, 0% used [0x00000000d6280000,0x00000000d6280000,0x00000000d6380000)
 ParOldGen       total 68608K, used 50506K [0x0000000080000000, 0x0000000084300000, 0x00000000d5580000)
  object space 68608K, 73% used [0x0000000080000000,0x0000000083152b18,0x0000000084300000)
 Metaspace       used 65245K, committed 66560K, reserved 1114112K
  class space    used 8142K, committed 8704K, reserved 1048576K
}
Event: 44.343 GC heap before
{Heap before GC invocations=59 (full 3):
 PSYoungGen      total 13312K, used 12864K [0x00000000d5580000, 0x00000000d6380000, 0x0000000100000000)
  eden space 12288K, 100% used [0x00000000d5580000,0x00000000d6180000,0x00000000d6180000)
  from space 1024K, 56% used [0x00000000d6180000,0x00000000d6210000,0x00000000d6280000)
  to   space 1024K, 0% used [0x00000000d6280000,0x00000000d6280000,0x00000000d6380000)
 ParOldGen       total 68608K, used 50506K [0x0000000080000000, 0x0000000084300000, 0x00000000d5580000)
  object space 68608K, 73% used [0x0000000080000000,0x0000000083152b18,0x0000000084300000)
 Metaspace       used 65722K, committed 67072K, reserved 1114112K
  class space    used 8232K, committed 8832K, reserved 1048576K
}
Event: 44.344 GC heap after
{Heap after GC invocations=59 (full 3):
 PSYoungGen      total 13312K, used 866K [0x00000000d5580000, 0x00000000d6380000, 0x0000000100000000)
  eden space 12288K, 0% used [0x00000000d5580000,0x00000000d5580000,0x00000000d6180000)
  from space 1024K, 84% used [0x00000000d6280000,0x00000000d63588c8,0x00000000d6380000)
  to   space 1024K, 0% used [0x00000000d6180000,0x00000000d6180000,0x00000000d6280000)
 ParOldGen       total 68608K, used 50709K [0x0000000080000000, 0x0000000084300000, 0x00000000d5580000)
  object space 68608K, 73% used [0x0000000080000000,0x0000000083185698,0x0000000084300000)
 Metaspace       used 65722K, committed 67072K, reserved 1114112K
  class space    used 8232K, committed 8832K, reserved 1048576K
}
Event: 44.440 GC heap before
{Heap before GC invocations=60 (full 3):
 PSYoungGen      total 13312K, used 13154K [0x00000000d5580000, 0x00000000d6380000, 0x0000000100000000)
  eden space 12288K, 100% used [0x00000000d5580000,0x00000000d6180000,0x00000000d6180000)
  from space 1024K, 84% used [0x00000000d6280000,0x00000000d63588c8,0x00000000d6380000)
  to   space 1024K, 0% used [0x00000000d6180000,0x00000000d6180000,0x00000000d6280000)
 ParOldGen       total 68608K, used 50709K [0x0000000080000000, 0x0000000084300000, 0x00000000d5580000)
  object space 68608K, 73% used [0x0000000080000000,0x0000000083185698,0x0000000084300000)
 Metaspace       used 65723K, committed 67072K, reserved 1114112K
  class space    used 8232K, committed 8832K, reserved 1048576K
}
Event: 44.442 GC heap after
{Heap after GC invocations=60 (full 3):
 PSYoungGen      total 13312K, used 1023K [0x00000000d5580000, 0x00000000d6580000, 0x0000000100000000)
  eden space 12288K, 0% used [0x00000000d5580000,0x00000000d5580000,0x00000000d6180000)
  from space 1024K, 99% used [0x00000000d6180000,0x00000000d627ff50,0x00000000d6280000)
  to   space 2048K, 0% used [0x00000000d6380000,0x00000000d6380000,0x00000000d6580000)
 ParOldGen       total 68608K, used 51145K [0x0000000080000000, 0x0000000084300000, 0x00000000d5580000)
  object space 68608K, 74% used [0x0000000080000000,0x00000000831f24e0,0x0000000084300000)
 Metaspace       used 65723K, committed 67072K, reserved 1114112K
  class space    used 8232K, committed 8832K, reserved 1048576K
}
Event: 44.553 GC heap before
{Heap before GC invocations=61 (full 3):
 PSYoungGen      total 13312K, used 13311K [0x00000000d5580000, 0x00000000d6580000, 0x0000000100000000)
  eden space 12288K, 100% used [0x00000000d5580000,0x00000000d6180000,0x00000000d6180000)
  from space 1024K, 99% used [0x00000000d6180000,0x00000000d627ff50,0x00000000d6280000)
  to   space 2048K, 0% used [0x00000000d6380000,0x00000000d6380000,0x00000000d6580000)
 ParOldGen       total 68608K, used 51145K [0x0000000080000000, 0x0000000084300000, 0x00000000d5580000)
  object space 68608K, 74% used [0x0000000080000000,0x00000000831f24e0,0x0000000084300000)
 Metaspace       used 65729K, committed 67072K, reserved 1114112K
  class space    used 8234K, committed 8832K, reserved 1048576K
}
Event: 44.554 GC heap after
{Heap after GC invocations=61 (full 3):
 PSYoungGen      total 13312K, used 618K [0x00000000d5580000, 0x00000000d6480000, 0x0000000100000000)
  eden space 12288K, 0% used [0x00000000d5580000,0x00000000d5580000,0x00000000d6180000)
  from space 1024K, 60% used [0x00000000d6380000,0x00000000d641a9a0,0x00000000d6480000)
  to   space 1024K, 0% used [0x00000000d6180000,0x00000000d6180000,0x00000000d6280000)
 ParOldGen       total 68608K, used 51241K [0x0000000080000000, 0x0000000084300000, 0x00000000d5580000)
  object space 68608K, 74% used [0x0000000080000000,0x000000008320a4e0,0x0000000084300000)
 Metaspace       used 65729K, committed 67072K, reserved 1114112K
  class space    used 8234K, committed 8832K, reserved 1048576K
}
Event: 44.642 GC heap before
{Heap before GC invocations=62 (full 3):
 PSYoungGen      total 13312K, used 12906K [0x00000000d5580000, 0x00000000d6480000, 0x0000000100000000)
  eden space 12288K, 100% used [0x00000000d5580000,0x00000000d6180000,0x00000000d6180000)
  from space 1024K, 60% used [0x00000000d6380000,0x00000000d641a9a0,0x00000000d6480000)
  to   space 1024K, 0% used [0x00000000d6180000,0x00000000d6180000,0x00000000d6280000)
 ParOldGen       total 68608K, used 51241K [0x0000000080000000, 0x0000000084300000, 0x00000000d5580000)
  object space 68608K, 74% used [0x0000000080000000,0x000000008320a4e0,0x0000000084300000)
 Metaspace       used 65729K, committed 67072K, reserved 1114112K
  class space    used 8234K, committed 8832K, reserved 1048576K
}
Event: 44.643 GC heap after
{Heap after GC invocations=62 (full 3):
 PSYoungGen      total 13312K, used 1008K [0x00000000d5580000, 0x00000000d6480000, 0x0000000100000000)
  eden space 12288K, 0% used [0x00000000d5580000,0x00000000d5580000,0x00000000d6180000)
  from space 1024K, 98% used [0x00000000d6180000,0x00000000d627c310,0x00000000d6280000)
  to   space 1536K, 0% used [0x00000000d6300000,0x00000000d6300000,0x00000000d6480000)
 ParOldGen       total 68608K, used 51539K [0x0000000080000000, 0x0000000084300000, 0x00000000d5580000)
  object space 68608K, 75% used [0x0000000080000000,0x0000000083254fb0,0x0000000084300000)
 Metaspace       used 65729K, committed 67072K, reserved 1114112K
  class space    used 8234K, committed 8832K, reserved 1048576K
}

